Vivado Simulator 2018.2
Copyright 1986-1999, 2001-2018 Xilinx, Inc. All Rights Reserved.
Running: C:/Xilinx/Vivado/2018.2/bin/unwrapped/win64.o/xelab.exe -wto 96ff3bbc60274814936cb39d815bce93 --incr --debug typical --relax --mt 2 -L xil_defaultlib -L secureip --snapshot MasterNanoProcessor_behav xil_defaultlib.MasterNanoProcessor -log elaborate.log 
Using 2 slave threads.
Starting static elaboration
Completed static elaboration
Starting simulation data flow analysis
Completed simulation data flow analysis
Time Resolution for simulation is 1ps
Compiling package std.standard
Compiling package std.textio
Compiling package ieee.std_logic_1164
Compiling package ieee.numeric_std
Compiling architecture behavioral of entity xil_defaultlib.Slow_Clk [slow_clk_default]
Compiling architecture behavioral of entity xil_defaultlib.HA [ha_default]
Compiling architecture behavioral of entity xil_defaultlib.FA [fa_default]
Compiling architecture behavioral of entity xil_defaultlib.Adder_3_Bit [adder_3_bit_default]
Compiling architecture behavioral of entity xil_defaultlib.twoWay_3Bit_Mux [twoway_3bit_mux_default]
Compiling architecture behavioral of entity xil_defaultlib.Mux_2_to_4 [mux_2_to_4_default]
Compiling architecture behavioral of entity xil_defaultlib.ProgramCounter [programcounter_default]
Compiling architecture behavioral of entity xil_defaultlib.Program_ROM [program_rom_default]
Compiling architecture behavioral of entity xil_defaultlib.Instruction_decoder [instruction_decoder_default]
Compiling architecture behavioral of entity xil_defaultlib.Decoder_2_to_4 [decoder_2_to_4_default]
Compiling architecture behavioral of entity xil_defaultlib.Decoder_3_to_8 [decoder_3_to_8_default]
Compiling architecture behavioral of entity xil_defaultlib.reg [reg_default]
Compiling architecture behavioral of entity xil_defaultlib.Reg_Bank [reg_bank_default]
Compiling architecture behavioral of entity xil_defaultlib.RCA_4 [rca_4_default]
Compiling architecture behavioral of entity xil_defaultlib.MUX_8_way_4_bit [mux_8_way_4_bit_default]
Compiling architecture behavioral of entity xil_defaultlib.NanoProcessor [nanoprocessor_default]
Compiling architecture behavioral of entity xil_defaultlib.LUT_16_7 [lut_16_7_default]
Compiling architecture behavioral of entity xil_defaultlib.masternanoprocessor
Built simulation snapshot MasterNanoProcessor_behav
